0 verbose cli D:\Program Files\nodejs\node.exe D:\Program Files\nodejs\node_modules\npm\bin\npm-cli.js
1 info using npm@10.9.3
2 info using node@v22.19.0
3 silly config load:file:D:\Program Files\nodejs\node_modules\npm\npmrc
4 silly config load:file:D:\Valery\ProyectoOC\.npmrc
5 silly config load:file:C:\Users\aliso\.npmrc
6 silly config load:file:C:\Users\aliso\AppData\Roaming\npm\etc\npmrc
7 verbose title npm install
8 verbose argv "install"
9 verbose logfile logs-max:10 dir:D:\Valery\ProyectoOC\.npm-cache\_logs\2025-09-14T22_59_30_428Z-
10 verbose logfile D:\Valery\ProyectoOC\.npm-cache\_logs\2025-09-14T22_59_30_428Z-debug-0.log
11 silly logfile done cleaning log files
12 silly packumentCache heap:4345298944 maxSize:1086324736 maxEntrySize:543162368
13 silly idealTree buildDeps
14 silly reify moves {}
15 verbose stack Error: Could not read package.json: Error: ENOENT: no such file or directory, open 'D:\Valery\ProyectoOC\package.json'
15 verbose stack     at async open (node:internal/fs/promises:641:25)
15 verbose stack     at async readFile (node:internal/fs/promises:1245:14)
15 verbose stack     at async read (D:\Program Files\nodejs\node_modules\npm\node_modules\@npmcli\package-json\lib\read-package.js:9:18)
15 verbose stack     at async PackageJson.load (D:\Program Files\nodejs\node_modules\npm\node_modules\@npmcli\package-json\lib\index.js:132:31)
15 verbose stack     at async PackageJson.normalize (D:\Program Files\nodejs\node_modules\npm\node_modules\@npmcli\package-json\lib\index.js:118:5)
15 verbose stack     at async runScript (D:\Program Files\nodejs\node_modules\npm\node_modules\@npmcli\run-script\lib\run-script.js:11:28)
15 verbose stack     at async Install.exec (D:\Program Files\nodejs\node_modules\npm\lib\commands\install.js:163:9)
15 verbose stack     at async Npm.exec (D:\Program Files\nodejs\node_modules\npm\lib\npm.js:207:9)
15 verbose stack     at async module.exports (D:\Program Files\nodejs\node_modules\npm\lib\cli\entry.js:74:5)
16 error code ENOENT
17 error syscall open
18 error path D:\Valery\ProyectoOC\package.json
19 error errno -4058
20 error enoent Could not read package.json: Error: ENOENT: no such file or directory, open 'D:\Valery\ProyectoOC\package.json'
21 error enoent This is related to npm not being able to find a file.
21 error enoent
22 verbose cwd D:\Valery\ProyectoOC
23 verbose os Windows_NT 10.0.22631
24 verbose node v22.19.0
25 verbose npm  v10.9.3
26 verbose exit -4058
27 verbose code -4058
28 error A complete log of this run can be found in: D:\Valery\ProyectoOC\.npm-cache\_logs\2025-09-14T22_59_30_428Z-debug-0.log
