0 verbose cli D:\Program Files\nodejs\node.exe D:\Program Files\nodejs\node_modules\npm\bin\npm-cli.js
1 info using npm@10.9.3
2 info using node@v22.19.0
3 silly config load:file:D:\Program Files\nodejs\node_modules\npm\npmrc
4 silly config load:file:D:\Valery\ProyectoOC\.npmrc
5 silly config load:file:C:\Users\aliso\.npmrc
6 silly config load:file:C:\Users\aliso\AppData\Roaming\npm\etc\npmrc
7 verbose title npm run dev
8 verbose argv "run" "dev"
9 verbose logfile logs-max:10 dir:D:\Valery\ProyectoOC\.npm-cache\_logs\2025-09-14T22_59_34_906Z-
10 verbose logfile D:\Valery\ProyectoOC\.npm-cache\_logs\2025-09-14T22_59_34_906Z-debug-0.log
11 silly logfile done cleaning log files
12 verbose stack Error: Could not read package.json: Error: ENOENT: no such file or directory, open 'D:\Valery\ProyectoOC\package.json'
12 verbose stack     at async open (node:internal/fs/promises:641:25)
12 verbose stack     at async readFile (node:internal/fs/promises:1245:14)
12 verbose stack     at async read (D:\Program Files\nodejs\node_modules\npm\node_modules\@npmcli\package-json\lib\read-package.js:9:18)
12 verbose stack     at async PackageJson.load (D:\Program Files\nodejs\node_modules\npm\node_modules\@npmcli\package-json\lib\index.js:132:31)
12 verbose stack     at async PackageJson.normalize (D:\Program Files\nodejs\node_modules\npm\node_modules\@npmcli\package-json\lib\index.js:118:5)
12 verbose stack     at async #run (D:\Program Files\nodejs\node_modules\npm\lib\commands\run-script.js:86:13)
12 verbose stack     at async RunScript.exec (D:\Program Files\nodejs\node_modules\npm\lib\commands\run-script.js:40:7)
12 verbose stack     at async Npm.exec (D:\Program Files\nodejs\node_modules\npm\lib\npm.js:207:9)
12 verbose stack     at async module.exports (D:\Program Files\nodejs\node_modules\npm\lib\cli\entry.js:74:5)
13 error code ENOENT
14 error syscall open
15 error path D:\Valery\ProyectoOC\package.json
16 error errno -4058
17 error enoent Could not read package.json: Error: ENOENT: no such file or directory, open 'D:\Valery\ProyectoOC\package.json'
18 error enoent This is related to npm not being able to find a file.
18 error enoent
19 verbose cwd D:\Valery\ProyectoOC
20 verbose os Windows_NT 10.0.22631
21 verbose node v22.19.0
22 verbose npm  v10.9.3
23 verbose exit -4058
24 verbose code -4058
25 error A complete log of this run can be found in: D:\Valery\ProyectoOC\.npm-cache\_logs\2025-09-14T22_59_34_906Z-debug-0.log
